0 silly input [ 'build' ]
1 silly flags { _: [ 'run' ],
1 silly flags   sort: true,
1 silly flags   stream: false,
1 silly flags   'only-updated': false,
1 silly flags   onlyUpdated: false,
1 silly flags   parallel: false,
1 silly flags   concurrency: 1,
1 silly flags   script: 'build',
1 silly flags   args: [] }
2 verbose rootPath /Users/eransakal/dev/github/kaltura/kmc-ng-workspace/kaltura-ng
3 info version 0.0.2
4 info versioning independent
5 silly existsSync /Users/eransakal/dev/github/kaltura/kmc-ng-workspace/kaltura-ng/VERSION
6 silly initialize attempt
7 silly initialize success
8 silly execute attempt
9 silly runScriptInDir build [] kaltura-client
10 silly getExecOpts { cwd: '/Users/eransakal/dev/github/kaltura/kmc-ng-workspace/kaltura-ng/kaltura-client' }
11 silly runScriptInDir build [] kaltura-common
12 silly getExecOpts { cwd: '/Users/eransakal/dev/github/kaltura/kmc-ng-workspace/kaltura-ng/kaltura-common' }
13 error build Errored while running script in '@kaltura-ng/kaltura-common'
14 error execute Error: Command failed: npm run build
14 error execute Error at /Users/eransakal/dev/github/kaltura/kmc-ng-workspace/kaltura-ng/kaltura-common/src/upload-management/upload-management.module.ts:3:37: Cannot find module '@kaltura-ng/kaltura-client'.
14 error execute
14 error execute npm ERR! Darwin 15.6.0
14 error execute npm ERR! argv "/usr/local/bin/node" "/usr/local/bin/npm" "run" "build"
14 error execute npm ERR! node v7.7.3
14 error execute npm ERR! npm  v4.1.2
14 error execute npm ERR! code ELIFECYCLE
14 error execute npm ERR! @kaltura-ng/kaltura-common@0.2.0 build: `gulp build`
14 error execute npm ERR! Exit status 1
14 error execute npm ERR!
14 error execute npm ERR! Failed at the @kaltura-ng/kaltura-common@0.2.0 build script 'gulp build'.
14 error execute npm ERR! Make sure you have the latest version of node.js and npm installed.
14 error execute npm ERR! If you do, this is most likely a problem with the @kaltura-ng/kaltura-common package,
14 error execute npm ERR! not with npm itself.
14 error execute npm ERR! Tell the author that this fails on your system:
14 error execute npm ERR!     gulp build
14 error execute npm ERR! You can get information on how to open an issue for this project with:
14 error execute npm ERR!     npm bugs @kaltura-ng/kaltura-common
14 error execute npm ERR! Or if that isn't available, you can get their info via:
14 error execute npm ERR!     npm owner ls @kaltura-ng/kaltura-common
14 error execute npm ERR! There is likely additional logging output above.
14 error execute
14 error execute npm ERR! Please include the following file with any support request:
14 error execute npm ERR!     /Users/eransakal/dev/github/kaltura/kmc-ng-workspace/kaltura-ng/kaltura-common/npm-debug.log
14 error execute
14 error execute > @kaltura-ng/kaltura-common@0.2.0 build /Users/eransakal/dev/github/kaltura/kmc-ng-workspace/kaltura-ng/kaltura-common
14 error execute > gulp build
14 error execute
14 error execute [22:49:33] Using gulpfile ~/dev/github/kaltura/kmc-ng-workspace/kaltura-ng/kaltura-common/gulpfile.js
14 error execute [22:49:33] Starting 'build'...
14 error execute [22:49:33] Starting 'clean:tmp'...
14 error execute [22:49:33] Finished 'build' after 14 ms
14 error execute [22:49:33] Finished 'clean:tmp' after 14 ms
14 error execute [22:49:33] Starting 'library:scripts'...
14 error execute [22:49:38] 'library:scripts' errored after 4.94 s
14 error execute [22:49:38] Error in plugin 'gulp-ngc'
14 error execute Message:
14 error execute     Compilation error.
14 error execute See details in the ngc output
14 error execute Details:
14 error execute     fileName: /Users/eransakal/dev/github/kaltura/kmc-ng-workspace/kaltura-ng/kaltura-common/tsconfig.json
14 error execute [22:49:38] Error in plugin 'run-sequence(library:scripts)'
14 error execute Error
14 error execute     at finish (/Users/eransakal/dev/github/kaltura/kmc-ng-workspace/kaltura-ng/kaltura-common/node_modules/run-sequence/index.js:56:13)
14 error execute     at Gulp.onError (/Users/eransakal/dev/github/kaltura/kmc-ng-workspace/kaltura-ng/kaltura-common/node_modules/run-sequence/index.js:67:4)
14 error execute     at emitOne (events.js:101:20)
14 error execute     at Gulp.emit (events.js:191:7)
14 error execute     at Gulp.Orchestrator._emitTaskDone (/Users/eransakal/dev/github/kaltura/kmc-ng-workspace/kaltura-ng/kaltura-common/node_modules/orchestrator/index.js:264:8)
14 error execute     at /Users/eransakal/dev/github/kaltura/kmc-ng-workspace/kaltura-ng/kaltura-common/node_modules/orchestrator/index.js:275:23
14 error execute     at finish (/Users/eransakal/dev/github/kaltura/kmc-ng-workspace/kaltura-ng/kaltura-common/node_modules/orchestrator/lib/runTask.js:21:8)
14 error execute     at DestroyableTransform.<anonymous> (/Users/eransakal/dev/github/kaltura/kmc-ng-workspace/kaltura-ng/kaltura-common/node_modules/orchestrator/lib/runTask.js:52:4)
14 error execute     at DestroyableTransform.f (/Users/eransakal/dev/github/kaltura/kmc-ng-workspace/kaltura-ng/kaltura-common/node_modules/end-of-stream/node_modules/once/once.js:17:25)
14 error execute     at emitOne (events.js:101:20)
14 error execute
14 error execute     at Promise.all.then.arr (/Users/eransakal/dev/github/esakal/lerna/node_modules/execa/index.js:210:11)
14 error execute     at process._tickCallback (internal/process/next_tick.js:109:7)
14 error execute  callback with error
14 error execute  { Error: Command failed: npm run build
14 error execute Error at /Users/eransakal/dev/github/kaltura/kmc-ng-workspace/kaltura-ng/kaltura-common/src/upload-management/upload-management.module.ts:3:37: Cannot find module '@kaltura-ng/kaltura-client'.
14 error execute
14 error execute npm ERR! Darwin 15.6.0
14 error execute npm ERR! argv "/usr/local/bin/node" "/usr/local/bin/npm" "run" "build"
14 error execute npm ERR! node v7.7.3
14 error execute npm ERR! npm  v4.1.2
14 error execute npm ERR! code ELIFECYCLE
14 error execute npm ERR! @kaltura-ng/kaltura-common@0.2.0 build: `gulp build`
14 error execute npm ERR! Exit status 1
14 error execute npm ERR!
14 error execute npm ERR! Failed at the @kaltura-ng/kaltura-common@0.2.0 build script 'gulp build'.
14 error execute npm ERR! Make sure you have the latest version of node.js and npm installed.
14 error execute npm ERR! If you do, this is most likely a problem with the @kaltura-ng/kaltura-common package,
14 error execute npm ERR! not with npm itself.
14 error execute npm ERR! Tell the author that this fails on your system:
14 error execute npm ERR!     gulp build
14 error execute npm ERR! You can get information on how to open an issue for this project with:
14 error execute npm ERR!     npm bugs @kaltura-ng/kaltura-common
14 error execute npm ERR! Or if that isn't available, you can get their info via:
14 error execute npm ERR!     npm owner ls @kaltura-ng/kaltura-common
14 error execute npm ERR! There is likely additional logging output above.
14 error execute
14 error execute npm ERR! Please include the following file with any support request:
14 error execute npm ERR!     /Users/eransakal/dev/github/kaltura/kmc-ng-workspace/kaltura-ng/kaltura-common/npm-debug.log
14 error execute
14 error execute > @kaltura-ng/kaltura-common@0.2.0 build /Users/eransakal/dev/github/kaltura/kmc-ng-workspace/kaltura-ng/kaltura-common
14 error execute > gulp build
14 error execute
14 error execute [22:49:33] Using gulpfile ~/dev/github/kaltura/kmc-ng-workspace/kaltura-ng/kaltura-common/gulpfile.js
14 error execute [22:49:33] Starting 'build'...
14 error execute [22:49:33] Starting 'clean:tmp'...
14 error execute [22:49:33] Finished 'build' after 14 ms
14 error execute [22:49:33] Finished 'clean:tmp' after 14 ms
14 error execute [22:49:33] Starting 'library:scripts'...
14 error execute [22:49:38] 'library:scripts' errored after 4.94 s
14 error execute [22:49:38] Error in plugin 'gulp-ngc'
14 error execute Message:
14 error execute     Compilation error.
14 error execute See details in the ngc output
14 error execute Details:
14 error execute     fileName: /Users/eransakal/dev/github/kaltura/kmc-ng-workspace/kaltura-ng/kaltura-common/tsconfig.json
14 error execute [22:49:38] Error in plugin 'run-sequence(library:scripts)'
14 error execute Error
14 error execute     at finish (/Users/eransakal/dev/github/kaltura/kmc-ng-workspace/kaltura-ng/kaltura-common/node_modules/run-sequence/index.js:56:13)
14 error execute     at Gulp.onError (/Users/eransakal/dev/github/kaltura/kmc-ng-workspace/kaltura-ng/kaltura-common/node_modules/run-sequence/index.js:67:4)
14 error execute     at emitOne (events.js:101:20)
14 error execute     at Gulp.emit (events.js:191:7)
14 error execute     at Gulp.Orchestrator._emitTaskDone (/Users/eransakal/dev/github/kaltura/kmc-ng-workspace/kaltura-ng/kaltura-common/node_modules/orchestrator/index.js:264:8)
14 error execute     at /Users/eransakal/dev/github/kaltura/kmc-ng-workspace/kaltura-ng/kaltura-common/node_modules/orchestrator/index.js:275:23
14 error execute     at finish (/Users/eransakal/dev/github/kaltura/kmc-ng-workspace/kaltura-ng/kaltura-common/node_modules/orchestrator/lib/runTask.js:21:8)
14 error execute     at DestroyableTransform.<anonymous> (/Users/eransakal/dev/github/kaltura/kmc-ng-workspace/kaltura-ng/kaltura-common/node_modules/orchestrator/lib/runTask.js:52:4)
14 error execute     at DestroyableTransform.f (/Users/eransakal/dev/github/kaltura/kmc-ng-workspace/kaltura-ng/kaltura-common/node_modules/end-of-stream/node_modules/once/once.js:17:25)
14 error execute     at emitOne (events.js:101:20)
14 error execute
14 error execute     at Promise.all.then.arr (/Users/eransakal/dev/github/esakal/lerna/node_modules/execa/index.js:210:11)
14 error execute     at process._tickCallback (internal/process/next_tick.js:109:7)
14 error execute   code: 1,
14 error execute   killed: false,
14 error execute   stdout: '\n> @kaltura-ng/kaltura-common@0.2.0 build /Users/eransakal/dev/github/kaltura/kmc-ng-workspace/kaltura-ng/kaltura-common\n> gulp build\n\n[22:49:33] Using gulpfile ~/dev/github/kaltura/kmc-ng-workspace/kaltura-ng/kaltura-common/gulpfile.js\n[22:49:33] Starting \'build\'...\n[22:49:33] Starting \'clean:tmp\'...\n[22:49:33] Finished \'build\' after 14 ms\n[22:49:33] Finished \'clean:tmp\' after 14 ms\n[22:49:33] Starting \'library:scripts\'...\n[22:49:38] \'library:scripts\' errored after 4.94 s\n[22:49:38] Error in plugin \'gulp-ngc\'\nMessage:\n    Compilation error.\nSee details in the ngc output\nDetails:\n    fileName: /Users/eransakal/dev/github/kaltura/kmc-ng-workspace/kaltura-ng/kaltura-common/tsconfig.json\n[22:49:38] Error in plugin \'run-sequence(library:scripts)\'\nError\n    at finish (/Users/eransakal/dev/github/kaltura/kmc-ng-workspace/kaltura-ng/kaltura-common/node_modules/run-sequence/index.js:56:13)\n    at Gulp.onError (/Users/eransakal/dev/github/kaltura/kmc-ng-workspace/kaltura-ng/kaltura-common/node_modules/run-sequence/index.js:67:4)\n    at emitOne (events.js:101:20)\n    at Gulp.emit (events.js:191:7)\n    at Gulp.Orchestrator._emitTaskDone (/Users/eransakal/dev/github/kaltura/kmc-ng-workspace/kaltura-ng/kaltura-common/node_modules/orchestrator/index.js:264:8)\n    at /Users/eransakal/dev/github/kaltura/kmc-ng-workspace/kaltura-ng/kaltura-common/node_modules/orchestrator/index.js:275:23\n    at finish (/Users/eransakal/dev/github/kaltura/kmc-ng-workspace/kaltura-ng/kaltura-common/node_modules/orchestrator/lib/runTask.js:21:8)\n    at DestroyableTransform.<anonymous> (/Users/eransakal/dev/github/kaltura/kmc-ng-workspace/kaltura-ng/kaltura-common/node_modules/orchestrator/lib/runTask.js:52:4)\n    at DestroyableTransform.f (/Users/eransakal/dev/github/kaltura/kmc-ng-workspace/kaltura-ng/kaltura-common/node_modules/end-of-stream/node_modules/once/once.js:17:25)\n    at emitOne (events.js:101:20)\n',
14 error execute   stderr: 'Error at /Users/eransakal/dev/github/kaltura/kmc-ng-workspace/kaltura-ng/kaltura-common/src/upload-management/upload-management.module.ts:3:37: Cannot find module \'@kaltura-ng/kaltura-client\'.\n\nnpm ERR! Darwin 15.6.0\nnpm ERR! argv "/usr/local/bin/node" "/usr/local/bin/npm" "run" "build"\nnpm ERR! node v7.7.3\nnpm ERR! npm  v4.1.2\nnpm ERR! code ELIFECYCLE\nnpm ERR! @kaltura-ng/kaltura-common@0.2.0 build: `gulp build`\nnpm ERR! Exit status 1\nnpm ERR! \nnpm ERR! Failed at the @kaltura-ng/kaltura-common@0.2.0 build script \'gulp build\'.\nnpm ERR! Make sure you have the latest version of node.js and npm installed.\nnpm ERR! If you do, this is most likely a problem with the @kaltura-ng/kaltura-common package,\nnpm ERR! not with npm itself.\nnpm ERR! Tell the author that this fails on your system:\nnpm ERR!     gulp build\nnpm ERR! You can get information on how to open an issue for this project with:\nnpm ERR!     npm bugs @kaltura-ng/kaltura-common\nnpm ERR! Or if that isn\'t available, you can get their info via:\nnpm ERR!     npm owner ls @kaltura-ng/kaltura-common\nnpm ERR! There is likely additional logging output above.\n\nnpm ERR! Please include the following file with any support request:\nnpm ERR!     /Users/eransakal/dev/github/kaltura/kmc-ng-workspace/kaltura-ng/kaltura-common/npm-debug.log\n',
14 error execute   failed: true,
14 error execute   signal: null,
14 error execute   cmd: 'npm run build',
14 error execute   timedOut: false }
